0 info it worked if it ends with ok
1 verbose cli [ 'C:\\Program Files\\nodejs\\\\node.exe',
1 verbose cli   'C:\\Program Files\\nodejs\\node_modules\\npm\\bin\\npm-cli.js',
1 verbose cli   'run',
1 verbose cli   'tsc',
1 verbose cli   '-w',
1 verbose cli   '-p',
1 verbose cli   'src' ]
2 info using npm@2.11.3
3 info using node@v0.12.7
4 verbose run-script [ 'pretsc', 'tsc', 'posttsc' ]
5 info pretsc vops-layout@1.0.0
6 info tsc vops-layout@1.0.0
7 verbose unsafe-perm in lifecycle true
8 info vops-layout@1.0.0 Failed to exec tsc script
9 verbose stack Error: vops-layout@1.0.0 tsc: `tsc "src"`
9 verbose stack Exit status 2
9 verbose stack     at EventEmitter.<anonymous> (C:\Program Files\nodejs\node_modules\npm\lib\utils\lifecycle.js:213:16)
9 verbose stack     at EventEmitter.emit (events.js:110:17)
9 verbose stack     at ChildProcess.<anonymous> (C:\Program Files\nodejs\node_modules\npm\lib\utils\spawn.js:24:14)
9 verbose stack     at ChildProcess.emit (events.js:110:17)
9 verbose stack     at maybeClose (child_process.js:1015:16)
9 verbose stack     at Process.ChildProcess._handle.onexit (child_process.js:1087:5)
10 verbose pkgid vops-layout@1.0.0
11 verbose cwd c:\Users\mike.walters\Documents\GitHub\vops-layout
12 error Windows_NT 6.3.9600
13 error argv "C:\\Program Files\\nodejs\\\\node.exe" "C:\\Program Files\\nodejs\\node_modules\\npm\\bin\\npm-cli.js" "run" "tsc" "-w" "-p" "src"
14 error node v0.12.7
15 error npm  v2.11.3
16 error code ELIFECYCLE
17 error vops-layout@1.0.0 tsc: `tsc "src"`
17 error Exit status 2
18 error Failed at the vops-layout@1.0.0 tsc script 'tsc "src"'.
18 error This is most likely a problem with the vops-layout package,
18 error not with npm itself.
18 error Tell the author that this fails on your system:
18 error     tsc "src"
18 error You can get their info via:
18 error     npm owner ls vops-layout
18 error There is likely additional logging output above.
19 verbose exit [ 1, true ]
